DEBUG 2023-12-30 20:56:33.550 main AgentPackagePath : The beacon class location is jar:file:/Users/liguobin/Projects/skywalking-scala/scenarios/skywalking-agent/skywalking-agent.jar!/org/apache/skywalking/apm/agent/core/boot/AgentPackagePath.class. 
INFO 2023-12-30 20:56:33.551 main SnifferConfigInitializer : Config file found in /Users/liguobin/Projects/skywalking-scala/scenarios/skywalking-agent/config/agent.config. 
DEBUG 2023-12-30 20:56:33.551 main AgentPackagePath : The beacon class location is jar:file:/Users/liguobin/Projects/skywalking-scala/scenarios/skywalking-agent/skywalking-agent.jar!/org/apache/skywalking/apm/agent/core/boot/AgentPackagePath.class. 
INFO 2023-12-30 20:56:33.552 main SnifferConfigInitializer : Config file found in /Users/liguobin/Projects/skywalking-scala/scenarios/skywalking-agent/config/agent.config. 
INFO 2023-12-30 20:56:33.592 main SnifferConfigInitializer : SnifferConfigInitializer url:jar:file:/Users/liguobin/Projects/skywalking-scala/scenarios/zio-grpc-scenario/target/universal/stage/lib/org.bitlap.zio-grpc-scenario-0.1.9-SNAPSHOT.jar!/META-INF/MANIFEST.MF 
INFO 2023-12-30 20:56:33.592 main SnifferConfigInitializer : SnifferConfigInitializer url:jar:file:/Users/liguobin/Projects/skywalking-scala/scenarios/zio-grpc-scenario/target/universal/stage/lib/org.bitlap.zio-grpc-scenario-0.1.9-SNAPSHOT.jar!/META-INF/MANIFEST.MF 
INFO 2023-12-30 20:56:33.595 main SnifferConfigInitializer : SnifferConfigInitializer url:jar:file:/Users/liguobin/Projects/skywalking-scala/scenarios/zio-grpc-scenario/target/universal/stage/lib/org.scala-lang.scala3-library_3-3.3.0.jar!/META-INF/MANIFEST.MF 
INFO 2023-12-30 20:56:33.595 main SnifferConfigInitializer : SnifferConfigInitializer url:jar:file:/Users/liguobin/Projects/skywalking-scala/scenarios/zio-grpc-scenario/target/universal/stage/lib/org.scala-lang.scala3-library_3-3.3.0.jar!/META-INF/MANIFEST.MF 
INFO 2023-12-30 20:56:33.596 main SnifferConfigInitializer : SnifferConfigInitializer url:jar:file:/Users/liguobin/Projects/skywalking-scala/scenarios/zio-grpc-scenario/target/universal/stage/lib/com.thesamet.scalapb.scalapb-runtime_3-0.11.13.jar!/META-INF/MANIFEST.MF 
INFO 2023-12-30 20:56:33.596 main SnifferConfigInitializer : SnifferConfigInitializer url:jar:file:/Users/liguobin/Projects/skywalking-scala/scenarios/zio-grpc-scenario/target/universal/stage/lib/com.thesamet.scalapb.scalapb-runtime_3-0.11.13.jar!/META-INF/MANIFEST.MF 
INFO 2023-12-30 20:56:33.596 main SnifferConfigInitializer : SnifferConfigInitializer url:jar:file:/Users/liguobin/Projects/skywalking-scala/scenarios/zio-grpc-scenario/target/universal/stage/lib/com.thesamet.scalapb.zio-grpc.zio-grpc-core_3-0.6.0-rc6.jar!/META-INF/MANIFEST.MF 
INFO 2023-12-30 20:56:33.597 main SnifferConfigInitializer : SnifferConfigInitializer url:jar:file:/Users/liguobin/Projects/skywalking-scala/scenarios/zio-grpc-scenario/target/universal/stage/lib/com.thesamet.scalapb.zio-grpc.zio-grpc-core_3-0.6.0-rc6.jar!/META-INF/MANIFEST.MF 
INFO 2023-12-30 20:56:33.597 main SnifferConfigInitializer : SnifferConfigInitializer url:jar:file:/Users/liguobin/Projects/skywalking-scala/scenarios/zio-grpc-scenario/target/universal/stage/lib/io.d11.zhttp_3-2.0.0-RC10.jar!/META-INF/MANIFEST.MF 
INFO 2023-12-30 20:56:33.598 main SnifferConfigInitializer : SnifferConfigInitializer url:jar:file:/Users/liguobin/Projects/skywalking-scala/scenarios/zio-grpc-scenario/target/universal/stage/lib/io.d11.zhttp_3-2.0.0-RC10.jar!/META-INF/MANIFEST.MF 
INFO 2023-12-30 20:56:33.598 main SnifferConfigInitializer : SnifferConfigInitializer url:jar:file:/Users/liguobin/Projects/skywalking-scala/scenarios/zio-grpc-scenario/target/universal/stage/lib/dev.zio.zio_3-2.0.15.jar!/META-INF/MANIFEST.MF 
INFO 2023-12-30 20:56:33.598 main SnifferConfigInitializer : SnifferConfigInitializer url:jar:file:/Users/liguobin/Projects/skywalking-scala/scenarios/zio-grpc-scenario/target/universal/stage/lib/dev.zio.zio_3-2.0.15.jar!/META-INF/MANIFEST.MF 
INFO 2023-12-30 20:56:33.598 main SnifferConfigInitializer : SnifferConfigInitializer url:jar:file:/Users/liguobin/Projects/skywalking-scala/scenarios/zio-grpc-scenario/target/universal/stage/lib/io.grpc.grpc-netty-1.50.1.jar!/META-INF/MANIFEST.MF 
INFO 2023-12-30 20:56:33.599 main SnifferConfigInitializer : SnifferConfigInitializer url:jar:file:/Users/liguobin/Projects/skywalking-scala/scenarios/zio-grpc-scenario/target/universal/stage/lib/io.grpc.grpc-netty-1.50.1.jar!/META-INF/MANIFEST.MF 
INFO 2023-12-30 20:56:33.599 main SnifferConfigInitializer : SnifferConfigInitializer url:jar:file:/Users/liguobin/Projects/skywalking-scala/scenarios/zio-grpc-scenario/target/universal/stage/lib/com.thesamet.scalapb.scalapb-runtime-grpc_3-0.11.13.jar!/META-INF/MANIFEST.MF 
INFO 2023-12-30 20:56:33.600 main SnifferConfigInitializer : SnifferConfigInitializer url:jar:file:/Users/liguobin/Projects/skywalking-scala/scenarios/zio-grpc-scenario/target/universal/stage/lib/com.thesamet.scalapb.scalapb-runtime-grpc_3-0.11.13.jar!/META-INF/MANIFEST.MF 
INFO 2023-12-30 20:56:33.600 main SnifferConfigInitializer : SnifferConfigInitializer url:jar:file:/Users/liguobin/Projects/skywalking-scala/scenarios/zio-grpc-scenario/target/universal/stage/lib/org.scala-lang.scala-library-2.13.10.jar!/META-INF/MANIFEST.MF 
INFO 2023-12-30 20:56:33.600 main SnifferConfigInitializer : SnifferConfigInitializer url:jar:file:/Users/liguobin/Projects/skywalking-scala/scenarios/zio-grpc-scenario/target/universal/stage/lib/org.scala-lang.scala-library-2.13.10.jar!/META-INF/MANIFEST.MF 
INFO 2023-12-30 20:56:33.609 main SnifferConfigInitializer : SnifferConfigInitializer url:jar:file:/Users/liguobin/Projects/skywalking-scala/scenarios/zio-grpc-scenario/target/universal/stage/lib/com.thesamet.scalapb.lenses_3-0.11.13.jar!/META-INF/MANIFEST.MF 
INFO 2023-12-30 20:56:33.610 main SnifferConfigInitializer : SnifferConfigInitializer url:jar:file:/Users/liguobin/Projects/skywalking-scala/scenarios/zio-grpc-scenario/target/universal/stage/lib/com.google.protobuf.protobuf-java-3.19.6.jar!/META-INF/MANIFEST.MF 
INFO 2023-12-30 20:56:33.610 main SnifferConfigInitializer : SnifferConfigInitializer url:jar:file:/Users/liguobin/Projects/skywalking-scala/scenarios/zio-grpc-scenario/target/universal/stage/lib/com.thesamet.scalapb.lenses_3-0.11.13.jar!/META-INF/MANIFEST.MF 
INFO 2023-12-30 20:56:33.611 main SnifferConfigInitializer : SnifferConfigInitializer url:jar:file:/Users/liguobin/Projects/skywalking-scala/scenarios/zio-grpc-scenario/target/universal/stage/lib/org.scala-lang.modules.scala-collection-compat_3-2.9.0.jar!/META-INF/MANIFEST.MF 
INFO 2023-12-30 20:56:33.612 main SnifferConfigInitializer : SnifferConfigInitializer url:jar:file:/Users/liguobin/Projects/skywalking-scala/scenarios/zio-grpc-scenario/target/universal/stage/lib/com.google.protobuf.protobuf-java-3.19.6.jar!/META-INF/MANIFEST.MF 
INFO 2023-12-30 20:56:33.612 main SnifferConfigInitializer : SnifferConfigInitializer url:jar:file:/Users/liguobin/Projects/skywalking-scala/scenarios/zio-grpc-scenario/target/universal/stage/lib/dev.zio.zio-streams_3-2.0.15.jar!/META-INF/MANIFEST.MF 
INFO 2023-12-30 20:56:33.613 main SnifferConfigInitializer : SnifferConfigInitializer url:jar:file:/Users/liguobin/Projects/skywalking-scala/scenarios/zio-grpc-scenario/target/universal/stage/lib/org.scala-lang.modules.scala-collection-compat_3-2.9.0.jar!/META-INF/MANIFEST.MF 
INFO 2023-12-30 20:56:33.613 main SnifferConfigInitializer : SnifferConfigInitializer url:jar:file:/Users/liguobin/Projects/skywalking-scala/scenarios/zio-grpc-scenario/target/universal/stage/lib/io.grpc.grpc-services-1.47.0.jar!/META-INF/MANIFEST.MF 
INFO 2023-12-30 20:56:33.613 main SnifferConfigInitializer : SnifferConfigInitializer url:jar:file:/Users/liguobin/Projects/skywalking-scala/scenarios/zio-grpc-scenario/target/universal/stage/lib/dev.zio.zio-streams_3-2.0.15.jar!/META-INF/MANIFEST.MF INFO 2023-12-30 20:56:33.613 main SnifferConfigInitializer : SnifferConfigInitializer url:jar:file:/Users/liguobin/Projects/skywalking-scala/scenarios/zio-grpc-scenario/target/universal/stage/lib/io.d11.zhttp-logging_3-2.0.0-RC10.jar!/META-INF/MANIFEST.MF 

INFO 2023-12-30 20:56:33.614 main SnifferConfigInitializer : SnifferConfigInitializer url:jar:file:/Users/liguobin/Projects/skywalking-scala/scenarios/zio-grpc-scenario/target/universal/stage/lib/io.netty.netty-codec-http-4.1.79.Final.jar!/META-INF/MANIFEST.MF 
INFO 2023-12-30 20:56:33.614 main SnifferConfigInitializer : SnifferConfigInitializer url:jar:file:/Users/liguobin/Projects/skywalking-scala/scenarios/zio-grpc-scenario/target/universal/stage/lib/io.grpc.grpc-services-1.47.0.jar!/META-INF/MANIFEST.MF 
INFO 2023-12-30 20:56:33.614 main SnifferConfigInitializer : SnifferConfigInitializer url:jar:file:/Users/liguobin/Projects/skywalking-scala/scenarios/zio-grpc-scenario/target/universal/stage/lib/io.d11.zhttp-logging_3-2.0.0-RC10.jar!/META-INF/MANIFEST.MF 
INFO 2023-12-30 20:56:33.615 main SnifferConfigInitializer : SnifferConfigInitializer url:jar:file:/Users/liguobin/Projects/skywalking-scala/scenarios/zio-grpc-scenario/target/universal/stage/lib/io.netty.netty-handler-proxy-4.1.79.Final.jar!/META-INF/MANIFEST.MF 
INFO 2023-12-30 20:56:33.615 main SnifferConfigInitializer : SnifferConfigInitializer url:jar:file:/Users/liguobin/Projects/skywalking-scala/scenarios/zio-grpc-scenario/target/universal/stage/lib/io.netty.netty-codec-http-4.1.79.Final.jar!/META-INF/MANIFEST.MF 
INFO 2023-12-30 20:56:33.615 main SnifferConfigInitializer : SnifferConfigInitializer url:jar:file:/Users/liguobin/Projects/skywalking-scala/scenarios/zio-grpc-scenario/target/universal/stage/lib/io.netty.netty-transport-native-epoll-4.1.79.Final.jar!/META-INF/MANIFEST.MF 
INFO 2023-12-30 20:56:33.616 main SnifferConfigInitializer : SnifferConfigInitializer url:jar:file:/Users/liguobin/Projects/skywalking-scala/scenarios/zio-grpc-scenario/target/universal/stage/lib/io.netty.netty-handler-proxy-4.1.79.Final.jar!/META-INF/MANIFEST.MF 
INFO 2023-12-30 20:56:33.616 main SnifferConfigInitializer : SnifferConfigInitializer url:jar:file:/Users/liguobin/Projects/skywalking-scala/scenarios/zio-grpc-scenario/target/universal/stage/lib/io.netty.netty-transport-native-epoll-4.1.79.Final-linux-x86_64.jar!/META-INF/MANIFEST.MF 
INFO 2023-12-30 20:56:33.616 main SnifferConfigInitializer : SnifferConfigInitializer url:jar:file:/Users/liguobin/Projects/skywalking-scala/scenarios/zio-grpc-scenario/target/universal/stage/lib/io.netty.netty-transport-native-epoll-4.1.79.Final.jar!/META-INF/MANIFEST.MF 
INFO 2023-12-30 20:56:33.617 main SnifferConfigInitializer : SnifferConfigInitializer url:jar:file:/Users/liguobin/Projects/skywalking-scala/scenarios/zio-grpc-scenario/target/universal/stage/lib/io.netty.netty-transport-native-epoll-4.1.79.Final-linux-aarch_64.jar!/META-INF/MANIFEST.MF INFO 2023-12-30 20:56:33.617 main SnifferConfigInitializer : SnifferConfigInitializer url:jar:file:/Users/liguobin/Projects/skywalking-scala/scenarios/zio-grpc-scenario/target/universal/stage/lib/io.netty.netty-transport-native-epoll-4.1.79.Final-linux-x86_64.jar!/META-INF/MANIFEST.MF 

INFO 2023-12-30 20:56:33.617 main SnifferConfigInitializer : SnifferConfigInitializer url:jar:file:/Users/liguobin/Projects/skywalking-scala/scenarios/zio-grpc-scenario/target/universal/stage/lib/io.netty.netty-transport-native-kqueue-4.1.79.Final.jar!/META-INF/MANIFEST.MF 
INFO 2023-12-30 20:56:33.617 main SnifferConfigInitializer : SnifferConfigInitializer url:jar:file:/Users/liguobin/Projects/skywalking-scala/scenarios/zio-grpc-scenario/target/universal/stage/lib/io.netty.netty-transport-native-epoll-4.1.79.Final-linux-aarch_64.jar!/META-INF/MANIFEST.MF 
INFO 2023-12-30 20:56:33.618 main SnifferConfigInitializer : SnifferConfigInitializer url:jar:file:/Users/liguobin/Projects/skywalking-scala/scenarios/zio-grpc-scenario/target/universal/stage/lib/io.netty.netty-transport-native-kqueue-4.1.79.Final-osx-x86_64.jar!/META-INF/MANIFEST.MF INFO 2023-12-30 20:56:33.618 main SnifferConfigInitializer : SnifferConfigInitializer url:jar:file:/Users/liguobin/Projects/skywalking-scala/scenarios/zio-grpc-scenario/target/universal/stage/lib/io.netty.netty-transport-native-kqueue-4.1.79.Final.jar!/META-INF/MANIFEST.MF 

INFO 2023-12-30 20:56:33.619 main SnifferConfigInitializer : SnifferConfigInitializer url:jar:file:/Users/liguobin/Projects/skywalking-scala/scenarios/zio-grpc-scenario/target/universal/stage/lib/io.netty.netty-transport-native-kqueue-4.1.79.Final-osx-x86_64.jar!/META-INF/MANIFEST.MF 
INFO 2023-12-30 20:56:33.619 main SnifferConfigInitializer : SnifferConfigInitializer url:jar:file:/Users/liguobin/Projects/skywalking-scala/scenarios/zio-grpc-scenario/target/universal/stage/lib/io.netty.netty-transport-native-kqueue-4.1.79.Final-osx-aarch_64.jar!/META-INF/MANIFEST.MF 
INFO 2023-12-30 20:56:33.620 main SnifferConfigInitializer : SnifferConfigInitializer url:jar:file:/Users/liguobin/Projects/skywalking-scala/scenarios/zio-grpc-scenario/target/universal/stage/lib/io.netty.incubator.netty-incubator-transport-native-io_uring-0.0.14.Final-linux-x86_64.jar!/META-INF/MANIFEST.MF INFO 2023-12-30 20:56:33.620 main SnifferConfigInitializer : SnifferConfigInitializer url:jar:file:/Users/liguobin/Projects/skywalking-scala/scenarios/zio-grpc-scenario/target/universal/stage/lib/io.netty.netty-transport-native-kqueue-4.1.79.Final-osx-aarch_64.jar!/META-INF/MANIFEST.MF 

INFO 2023-12-30 20:56:33.620 main SnifferConfigInitializer : SnifferConfigInitializer url:jar:file:/Users/liguobin/Projects/skywalking-scala/scenarios/zio-grpc-scenario/target/universal/stage/lib/dev.zio.zio-internal-macros_3-2.0.15.jar!/META-INF/MANIFEST.MF 
INFO 2023-12-30 20:56:33.620 main SnifferConfigInitializer : SnifferConfigInitializer url:jar:file:/Users/liguobin/Projects/skywalking-scala/scenarios/zio-grpc-scenario/target/universal/stage/lib/io.netty.incubator.netty-incubator-transport-native-io_uring-0.0.14.Final-linux-x86_64.jar!/META-INF/MANIFEST.MF 
INFO 2023-12-30 20:56:33.621 main SnifferConfigInitializer : SnifferConfigInitializer url:jar:file:/Users/liguobin/Projects/skywalking-scala/scenarios/zio-grpc-scenario/target/universal/stage/lib/dev.zio.zio-stacktracer_3-2.0.15.jar!/META-INF/MANIFEST.MF 
INFO 2023-12-30 20:56:33.621 main SnifferConfigInitializer : SnifferConfigInitializer url:jar:file:/Users/liguobin/Projects/skywalking-scala/scenarios/zio-grpc-scenario/target/universal/stage/lib/dev.zio.zio-internal-macros_3-2.0.15.jar!/META-INF/MANIFEST.MF 
INFO 2023-12-30 20:56:33.622 main SnifferConfigInitializer : SnifferConfigInitializer url:jar:file:/Users/liguobin/Projects/skywalking-scala/scenarios/zio-grpc-scenario/target/universal/stage/lib/dev.zio.izumi-reflect_3-2.3.8.jar!/META-INF/MANIFEST.MF 
INFO 2023-12-30 20:56:33.622 main SnifferConfigInitializer : SnifferConfigInitializer url:jar:file:/Users/liguobin/Projects/skywalking-scala/scenarios/zio-grpc-scenario/target/universal/stage/lib/dev.zio.zio-stacktracer_3-2.0.15.jar!/META-INF/MANIFEST.MF 
INFO 2023-12-30 20:56:33.622 main SnifferConfigInitializer : SnifferConfigInitializer url:jar:file:/Users/liguobin/Projects/skywalking-scala/scenarios/zio-grpc-scenario/target/universal/stage/lib/io.grpc.grpc-core-1.50.1.jar!/META-INF/MANIFEST.MF 
INFO 2023-12-30 20:56:33.623 main SnifferConfigInitializer : SnifferConfigInitializer url:jar:file:/Users/liguobin/Projects/skywalking-scala/scenarios/zio-grpc-scenario/target/universal/stage/lib/io.netty.netty-codec-http2-4.1.79.Final.jar!/META-INF/MANIFEST.MF 
INFO 2023-12-30 20:56:33.623 main SnifferConfigInitializer : SnifferConfigInitializer url:jar:file:/Users/liguobin/Projects/skywalking-scala/scenarios/zio-grpc-scenario/target/universal/stage/lib/dev.zio.izumi-reflect_3-2.3.8.jar!/META-INF/MANIFEST.MF 
INFO 2023-12-30 20:56:33.623 main SnifferConfigInitializer : SnifferConfigInitializer url:jar:file:/Users/liguobin/Projects/skywalking-scala/scenarios/zio-grpc-scenario/target/universal/stage/lib/com.google.guava.guava-31.1-android.jar!/META-INF/MANIFEST.MF 
INFO 2023-12-30 20:56:33.623 main SnifferConfigInitializer : SnifferConfigInitializer url:jar:file:/Users/liguobin/Projects/skywalking-scala/scenarios/zio-grpc-scenario/target/universal/stage/lib/io.grpc.grpc-core-1.50.1.jar!/META-INF/MANIFEST.MF 
INFO 2023-12-30 20:56:33.624 main SnifferConfigInitializer : SnifferConfigInitializer url:jar:file:/Users/liguobin/Projects/skywalking-scala/scenarios/zio-grpc-scenario/target/universal/stage/lib/io.netty.netty-codec-http2-4.1.79.Final.jar!/META-INF/MANIFEST.MF 
INFO 2023-12-30 20:56:33.624 main SnifferConfigInitializer : SnifferConfigInitializer url:jar:file:/Users/liguobin/Projects/skywalking-scala/scenarios/zio-grpc-scenario/target/universal/stage/lib/com.google.errorprone.error_prone_annotations-2.14.0.jar!/META-INF/MANIFEST.MF 
INFO 2023-12-30 20:56:33.625 main SnifferConfigInitializer : SnifferConfigInitializer url:jar:file:/Users/liguobin/Projects/skywalking-scala/scenarios/zio-grpc-scenario/target/universal/stage/lib/com.google.guava.guava-31.1-android.jar!/META-INF/MANIFEST.MF 
INFO 2023-12-30 20:56:33.625 main SnifferConfigInitializer : SnifferConfigInitializer url:jar:file:/Users/liguobin/Projects/skywalking-scala/scenarios/zio-grpc-scenario/target/universal/stage/lib/io.perfmark.perfmark-api-0.25.0.jar!/META-INF/MANIFEST.MF 
INFO 2023-12-30 20:56:33.625 main SnifferConfigInitializer : SnifferConfigInitializer url:jar:file:/Users/liguobin/Projects/skywalking-scala/scenarios/zio-grpc-scenario/target/universal/stage/lib/com.google.errorprone.error_prone_annotations-2.14.0.jar!/META-INF/MANIFEST.MF 
INFO 2023-12-30 20:56:33.626 main SnifferConfigInitializer : SnifferConfigInitializer url:jar:file:/Users/liguobin/Projects/skywalking-scala/scenarios/zio-grpc-scenario/target/universal/stage/lib/io.netty.netty-transport-native-unix-common-4.1.79.Final.jar!/META-INF/MANIFEST.MF 
INFO 2023-12-30 20:56:33.626 main SnifferConfigInitializer : SnifferConfigInitializer url:jar:file:/Users/liguobin/Projects/skywalking-scala/scenarios/zio-grpc-scenario/target/universal/stage/lib/io.perfmark.perfmark-api-0.25.0.jar!/META-INF/MANIFEST.MF 
INFO 2023-12-30 20:56:33.626 main SnifferConfigInitializer : SnifferConfigInitializer url:jar:file:/Users/liguobin/Projects/skywalking-scala/scenarios/zio-grpc-scenario/target/universal/stage/lib/io.grpc.grpc-stub-1.47.1.jar!/META-INF/MANIFEST.MF 
INFO 2023-12-30 20:56:33.627 main SnifferConfigInitializer : SnifferConfigInitializer url:jar:file:/Users/liguobin/Projects/skywalking-scala/scenarios/zio-grpc-scenario/target/universal/stage/lib/io.netty.netty-transport-native-unix-common-4.1.79.Final.jar!/META-INF/MANIFEST.MF 
INFO 2023-12-30 20:56:33.627 main SnifferConfigInitializer : SnifferConfigInitializer url:jar:file:/Users/liguobin/Projects/skywalking-scala/scenarios/zio-grpc-scenario/target/universal/stage/lib/io.grpc.grpc-protobuf-1.47.1.jar!/META-INF/MANIFEST.MF 
INFO 2023-12-30 20:56:33.627 main SnifferConfigInitializer : SnifferConfigInitializer url:jar:file:/Users/liguobin/Projects/skywalking-scala/scenarios/zio-grpc-scenario/target/universal/stage/lib/io.grpc.grpc-stub-1.47.1.jar!/META-INF/MANIFEST.MF 
INFO 2023-12-30 20:56:33.627 main SnifferConfigInitializer : SnifferConfigInitializer url:jar:file:/Users/liguobin/Projects/skywalking-scala/scenarios/zio-grpc-scenario/target/universal/stage/lib/com.google.protobuf.protobuf-java-util-3.19.2.jar!/META-INF/MANIFEST.MF 
INFO 2023-12-30 20:56:33.627 main SnifferConfigInitializer : SnifferConfigInitializer url:jar:file:/Users/liguobin/Projects/skywalking-scala/scenarios/zio-grpc-scenario/target/universal/stage/lib/io.grpc.grpc-protobuf-1.47.1.jar!/META-INF/MANIFEST.MF 
INFO 2023-12-30 20:56:33.628 main SnifferConfigInitializer : SnifferConfigInitializer url:jar:file:/Users/liguobin/Projects/skywalking-scala/scenarios/zio-grpc-scenario/target/universal/stage/lib/com.google.protobuf.protobuf-java-util-3.19.2.jar!/META-INF/MANIFEST.MF 
INFO 2023-12-30 20:56:33.628 main SnifferConfigInitializer : SnifferConfigInitializer url:jar:file:/Users/liguobin/Projects/skywalking-scala/scenarios/zio-grpc-scenario/target/universal/stage/lib/io.netty.netty-common-4.1.79.Final.jar!/META-INF/MANIFEST.MF 
INFO 2023-12-30 20:56:33.628 main SnifferConfigInitializer : SnifferConfigInitializer url:jar:file:/Users/liguobin/Projects/skywalking-scala/scenarios/zio-grpc-scenario/target/universal/stage/lib/io.netty.netty-common-4.1.79.Final.jar!/META-INF/MANIFEST.MF 
INFO 2023-12-30 20:56:33.629 main SnifferConfigInitializer : SnifferConfigInitializer url:jar:file:/Users/liguobin/Projects/skywalking-scala/scenarios/zio-grpc-scenario/target/universal/stage/lib/io.netty.netty-buffer-4.1.79.Final.jar!/META-INF/MANIFEST.MF 
INFO 2023-12-30 20:56:33.629 main SnifferConfigInitializer : SnifferConfigInitializer url:jar:file:/Users/liguobin/Projects/skywalking-scala/scenarios/zio-grpc-scenario/target/universal/stage/lib/io.netty.netty-buffer-4.1.79.Final.jar!/META-INF/MANIFEST.MF 
INFO 2023-12-30 20:56:33.629 main SnifferConfigInitializer : SnifferConfigInitializer url:jar:file:/Users/liguobin/Projects/skywalking-scala/scenarios/zio-grpc-scenario/target/universal/stage/lib/io.netty.netty-transport-4.1.79.Final.jar!/META-INF/MANIFEST.MF 
INFO 2023-12-30 20:56:33.629 main SnifferConfigInitializer : SnifferConfigInitializer url:jar:file:/Users/liguobin/Projects/skywalking-scala/scenarios/zio-grpc-scenario/target/universal/stage/lib/io.netty.netty-transport-4.1.79.Final.jar!/META-INF/MANIFEST.MF 
INFO 2023-12-30 20:56:33.630 main SnifferConfigInitializer : SnifferConfigInitializer url:jar:file:/Users/liguobin/Projects/skywalking-scala/scenarios/zio-grpc-scenario/target/universal/stage/lib/io.netty.netty-codec-4.1.79.Final.jar!/META-INF/MANIFEST.MF 
INFO 2023-12-30 20:56:33.630 main SnifferConfigInitializer : SnifferConfigInitializer url:jar:file:/Users/liguobin/Projects/skywalking-scala/scenarios/zio-grpc-scenario/target/universal/stage/lib/io.netty.netty-codec-4.1.79.Final.jar!/META-INF/MANIFEST.MF 
INFO 2023-12-30 20:56:33.630 main SnifferConfigInitializer : SnifferConfigInitializer url:jar:file:/Users/liguobin/Projects/skywalking-scala/scenarios/zio-grpc-scenario/target/universal/stage/lib/io.netty.netty-handler-4.1.79.Final.jar!/META-INF/MANIFEST.MF 
INFO 2023-12-30 20:56:33.631 main SnifferConfigInitializer : SnifferConfigInitializer url:jar:file:/Users/liguobin/Projects/skywalking-scala/scenarios/zio-grpc-scenario/target/universal/stage/lib/io.netty.netty-handler-4.1.79.Final.jar!/META-INF/MANIFEST.MF 
INFO 2023-12-30 20:56:33.631 main SnifferConfigInitializer : SnifferConfigInitializer url:jar:file:/Users/liguobin/Projects/skywalking-scala/scenarios/zio-grpc-scenario/target/universal/stage/lib/io.netty.netty-codec-socks-4.1.79.Final.jar!/META-INF/MANIFEST.MF 
INFO 2023-12-30 20:56:33.631 main SnifferConfigInitializer : SnifferConfigInitializer url:jar:file:/Users/liguobin/Projects/skywalking-scala/scenarios/zio-grpc-scenario/target/universal/stage/lib/io.netty.netty-codec-socks-4.1.79.Final.jar!/META-INF/MANIFEST.MF 
INFO 2023-12-30 20:56:33.632 main SnifferConfigInitializer : SnifferConfigInitializer url:jar:file:/Users/liguobin/Projects/skywalking-scala/scenarios/zio-grpc-scenario/target/universal/stage/lib/io.netty.netty-transport-classes-epoll-4.1.79.Final.jar!/META-INF/MANIFEST.MF 
INFO 2023-12-30 20:56:33.632 main SnifferConfigInitializer : SnifferConfigInitializer url:jar:file:/Users/liguobin/Projects/skywalking-scala/scenarios/zio-grpc-scenario/target/universal/stage/lib/io.netty.netty-transport-classes-epoll-4.1.79.Final.jar!/META-INF/MANIFEST.MF 
INFO 2023-12-30 20:56:33.632 main SnifferConfigInitializer : SnifferConfigInitializer url:jar:file:/Users/liguobin/Projects/skywalking-scala/scenarios/zio-grpc-scenario/target/universal/stage/lib/io.netty.netty-transport-classes-kqueue-4.1.79.Final.jar!/META-INF/MANIFEST.MF 
INFO 2023-12-30 20:56:33.632 main SnifferConfigInitializer : SnifferConfigInitializer url:jar:file:/Users/liguobin/Projects/skywalking-scala/scenarios/zio-grpc-scenario/target/universal/stage/lib/io.netty.netty-transport-classes-kqueue-4.1.79.Final.jar!/META-INF/MANIFEST.MF 
INFO 2023-12-30 20:56:33.633 main SnifferConfigInitializer : SnifferConfigInitializer url:jar:file:/Users/liguobin/Projects/skywalking-scala/scenarios/zio-grpc-scenario/target/universal/stage/lib/io.netty.incubator.netty-incubator-transport-classes-io_uring-0.0.14.Final.jar!/META-INF/MANIFEST.MF 
INFO 2023-12-30 20:56:33.633 main SnifferConfigInitializer : SnifferConfigInitializer url:jar:file:/Users/liguobin/Projects/skywalking-scala/scenarios/zio-grpc-scenario/target/universal/stage/lib/io.netty.incubator.netty-incubator-transport-classes-io_uring-0.0.14.Final.jar!/META-INF/MANIFEST.MF 
INFO 2023-12-30 20:56:33.633 main SnifferConfigInitializer : SnifferConfigInitializer url:jar:file:/Users/liguobin/Projects/skywalking-scala/scenarios/zio-grpc-scenario/target/universal/stage/lib/dev.zio.izumi-reflect-thirdparty-boopickle-shaded_3-2.3.8.jar!/META-INF/MANIFEST.MF 
INFO 2023-12-30 20:56:33.634 main SnifferConfigInitializer : SnifferConfigInitializer url:jar:file:/Users/liguobin/Projects/skywalking-scala/scenarios/zio-grpc-scenario/target/universal/stage/lib/dev.zio.izumi-reflect-thirdparty-boopickle-shaded_3-2.3.8.jar!/META-INF/MANIFEST.MF 
INFO 2023-12-30 20:56:33.634 main SnifferConfigInitializer : SnifferConfigInitializer url:jar:file:/Users/liguobin/Projects/skywalking-scala/scenarios/zio-grpc-scenario/target/universal/stage/lib/io.grpc.grpc-api-1.50.1.jar!/META-INF/MANIFEST.MF 
INFO 2023-12-30 20:56:33.634 main SnifferConfigInitializer : SnifferConfigInitializer url:jar:file:/Users/liguobin/Projects/skywalking-scala/scenarios/zio-grpc-scenario/target/universal/stage/lib/io.grpc.grpc-api-1.50.1.jar!/META-INF/MANIFEST.MF 
INFO 2023-12-30 20:56:33.634 main SnifferConfigInitializer : SnifferConfigInitializer url:jar:file:/Users/liguobin/Projects/skywalking-scala/scenarios/zio-grpc-scenario/target/universal/stage/lib/com.google.code.gson.gson-2.9.0.jar!/META-INF/MANIFEST.MF 
INFO 2023-12-30 20:56:33.635 main SnifferConfigInitializer : SnifferConfigInitializer url:jar:file:/Users/liguobin/Projects/skywalking-scala/scenarios/zio-grpc-scenario/target/universal/stage/lib/com.google.code.gson.gson-2.9.0.jar!/META-INF/MANIFEST.MF 
INFO 2023-12-30 20:56:33.635 main SnifferConfigInitializer : SnifferConfigInitializer url:jar:file:/Users/liguobin/Projects/skywalking-scala/scenarios/zio-grpc-scenario/target/universal/stage/lib/com.google.android.annotations-4.1.1.4.jar!/META-INF/MANIFEST.MF 
INFO 2023-12-30 20:56:33.635 main SnifferConfigInitializer : SnifferConfigInitializer url:jar:file:/Users/liguobin/Projects/skywalking-scala/scenarios/zio-grpc-scenario/target/universal/stage/lib/com.google.android.annotations-4.1.1.4.jar!/META-INF/MANIFEST.MF 
INFO 2023-12-30 20:56:33.635 main SnifferConfigInitializer : SnifferConfigInitializer url:jar:file:/Users/liguobin/Projects/skywalking-scala/scenarios/zio-grpc-scenario/target/universal/stage/lib/org.codehaus.mojo.animal-sniffer-annotations-1.21.jar!/META-INF/MANIFEST.MF 
INFO 2023-12-30 20:56:33.636 main SnifferConfigInitializer : SnifferConfigInitializer url:jar:file:/Users/liguobin/Projects/skywalking-scala/scenarios/zio-grpc-scenario/target/universal/stage/lib/com.google.guava.failureaccess-1.0.1.jar!/META-INF/MANIFEST.MF 
INFO 2023-12-30 20:56:33.636 main SnifferConfigInitializer : SnifferConfigInitializer url:jar:file:/Users/liguobin/Projects/skywalking-scala/scenarios/zio-grpc-scenario/target/universal/stage/lib/org.codehaus.mojo.animal-sniffer-annotations-1.21.jar!/META-INF/MANIFEST.MF 
INFO 2023-12-30 20:56:33.636 main SnifferConfigInitializer : SnifferConfigInitializer url:jar:file:/Users/liguobin/Projects/skywalking-scala/scenarios/zio-grpc-scenario/target/universal/stage/lib/com.google.guava.failureaccess-1.0.1.jar!/META-INF/MANIFEST.MF 
INFO 2023-12-30 20:56:33.636 main SnifferConfigInitializer : SnifferConfigInitializer url:jar:file:/Users/liguobin/Projects/skywalking-scala/scenarios/zio-grpc-scenario/target/universal/stage/lib/com.google.guava.listenablefuture-9999.0-empty-to-avoid-conflict-with-guava.jar!/META-INF/MANIFEST.MF 
INFO 2023-12-30 20:56:33.637 main SnifferConfigInitializer : SnifferConfigInitializer url:jar:file:/Users/liguobin/Projects/skywalking-scala/scenarios/zio-grpc-scenario/target/universal/stage/lib/com.google.guava.listenablefuture-9999.0-empty-to-avoid-conflict-with-guava.jar!/META-INF/MANIFEST.MF INFO 2023-12-30 20:56:33.637 main SnifferConfigInitializer : SnifferConfigInitializer url:jar:file:/Users/liguobin/Projects/skywalking-scala/scenarios/zio-grpc-scenario/target/universal/stage/lib/com.google.code.findbugs.jsr305-3.0.2.jar!/META-INF/MANIFEST.MF 

INFO 2023-12-30 20:56:33.637 main SnifferConfigInitializer : SnifferConfigInitializer url:jar:file:/Users/liguobin/Projects/skywalking-scala/scenarios/zio-grpc-scenario/target/universal/stage/lib/org.checkerframework.checker-qual-3.12.0.jar!/META-INF/MANIFEST.MF 
INFO 2023-12-30 20:56:33.637 main SnifferConfigInitializer : SnifferConfigInitializer url:jar:file:/Users/liguobin/Projects/skywalking-scala/scenarios/zio-grpc-scenario/target/universal/stage/lib/com.google.code.findbugs.jsr305-3.0.2.jar!/META-INF/MANIFEST.MF 
INFO 2023-12-30 20:56:33.638 main SnifferConfigInitializer : SnifferConfigInitializer url:jar:file:/Users/liguobin/Projects/skywalking-scala/scenarios/zio-grpc-scenario/target/universal/stage/lib/org.checkerframework.checker-qual-3.12.0.jar!/META-INF/MANIFEST.MF 
INFO 2023-12-30 20:56:33.638 main SnifferConfigInitializer : SnifferConfigInitializer url:jar:file:/Users/liguobin/Projects/skywalking-scala/scenarios/zio-grpc-scenario/target/universal/stage/lib/com.google.j2objc.j2objc-annotations-1.3.jar!/META-INF/MANIFEST.MF 
INFO 2023-12-30 20:56:33.638 main SnifferConfigInitializer : SnifferConfigInitializer url:jar:file:/Users/liguobin/Projects/skywalking-scala/scenarios/zio-grpc-scenario/target/universal/stage/lib/com.google.j2objc.j2objc-annotations-1.3.jar!/META-INF/MANIFEST.MF 
INFO 2023-12-30 20:56:33.639 main SnifferConfigInitializer : SnifferConfigInitializer url:jar:file:/Users/liguobin/Projects/skywalking-scala/scenarios/zio-grpc-scenario/target/universal/stage/lib/com.google.api.grpc.proto-google-common-protos-2.0.1.jar!/META-INF/MANIFEST.MF 
INFO 2023-12-30 20:56:33.639 main SnifferConfigInitializer : SnifferConfigInitializer url:jar:file:/Users/liguobin/Projects/skywalking-scala/scenarios/zio-grpc-scenario/target/universal/stage/lib/com.google.api.grpc.proto-google-common-protos-2.0.1.jar!/META-INF/MANIFEST.MF 
INFO 2023-12-30 20:56:33.639 main SnifferConfigInitializer : SnifferConfigInitializer url:jar:file:/Users/liguobin/Projects/skywalking-scala/scenarios/zio-grpc-scenario/target/universal/stage/lib/io.grpc.grpc-protobuf-lite-1.47.1.jar!/META-INF/MANIFEST.MF 
INFO 2023-12-30 20:56:33.639 main SnifferConfigInitializer : SnifferConfigInitializer url:jar:file:/Users/liguobin/Projects/skywalking-scala/scenarios/zio-grpc-scenario/target/universal/stage/lib/io.grpc.grpc-protobuf-lite-1.47.1.jar!/META-INF/MANIFEST.MF 
INFO 2023-12-30 20:56:33.640 main SnifferConfigInitializer : SnifferConfigInitializer url:jar:file:/Users/liguobin/Projects/skywalking-scala/scenarios/zio-grpc-scenario/target/universal/stage/lib/io.netty.netty-resolver-4.1.79.Final.jar!/META-INF/MANIFEST.MF INFO 2023-12-30 20:56:33.640 main SnifferConfigInitializer : SnifferConfigInitializer url:jar:file:/Users/liguobin/Projects/skywalking-scala/scenarios/zio-grpc-scenario/target/universal/stage/lib/io.netty.netty-resolver-4.1.79.Final.jar!/META-INF/MANIFEST.MF 

INFO 2023-12-30 20:56:33.640 main SnifferConfigInitializer : SnifferConfigInitializer url:jar:file:/Users/liguobin/Projects/skywalking-scala/scenarios/zio-grpc-scenario/target/universal/stage/lib/io.grpc.grpc-context-1.50.1.jar!/META-INF/MANIFEST.MF 
INFO 2023-12-30 20:56:33.641 main SnifferConfigInitializer : SnifferConfigInitializer url:jar:file:/Users/liguobin/Projects/skywalking-scala/scenarios/zio-grpc-scenario/target/universal/stage/lib/io.grpc.grpc-context-1.50.1.jar!/META-INF/MANIFEST.MF 
INFO 2023-12-30 20:56:33.641 main SnifferConfigInitializer : SnifferConfigInitializer url:jar:file:/Users/liguobin/Projects/skywalking-scala/scenarios/skywalking-agent/skywalking-agent.jar!/META-INF/MANIFEST.MF 
INFO 2023-12-30 20:56:33.641 main SnifferConfigInitializer : SnifferConfigInitializer url:jar:file:/Users/liguobin/Projects/skywalking-scala/scenarios/skywalking-agent/skywalking-agent.jar!/META-INF/MANIFEST.MF 
INFO 2023-12-30 20:56:33.649 main AgentClassLoader : /Users/liguobin/Projects/skywalking-scala/scenarios/skywalking-agent/plugins/apm-caliban-v2x-plugin-0.1.9-SNAPSHOT.jar loaded. INFO 2023-12-30 20:56:33.649 main AgentClassLoader : /Users/liguobin/Projects/skywalking-scala/scenarios/skywalking-agent/plugins/apm-caliban-v2x-plugin-0.1.9-SNAPSHOT.jar loaded. 

INFO 2023-12-30 20:56:33.649 main AgentClassLoader : /Users/liguobin/Projects/skywalking-scala/scenarios/skywalking-agent/plugins/apm-executors-plugin-0.1.9-SNAPSHOT.jar loaded. 
INFO 2023-12-30 20:56:33.649 main AgentClassLoader : /Users/liguobin/Projects/skywalking-scala/scenarios/skywalking-agent/plugins/apm-executors-plugin-0.1.9-SNAPSHOT.jar loaded. 
INFO 2023-12-30 20:56:33.649 main AgentClassLoader : /Users/liguobin/Projects/skywalking-scala/scenarios/skywalking-agent/plugins/apm-zio-v2x-plugin-0.1.9-SNAPSHOT.jar loaded. 
INFO 2023-12-30 20:56:33.650 main AgentClassLoader : /Users/liguobin/Projects/skywalking-scala/scenarios/skywalking-agent/plugins/apm-zio-v2x-plugin-0.1.9-SNAPSHOT.jar loaded. 
INFO 2023-12-30 20:56:33.650 main AgentClassLoader : /Users/liguobin/Projects/skywalking-scala/scenarios/skywalking-agent/plugins/apm-ziohttp-v2x-plugin-0.1.9-SNAPSHOT.jar loaded. 
INFO 2023-12-30 20:56:33.650 main AgentClassLoader : /Users/liguobin/Projects/skywalking-scala/scenarios/skywalking-agent/plugins/apm-ziohttp-v2x-plugin-0.1.9-SNAPSHOT.jar loaded. 
INFO 2023-12-30 20:56:33.650 main AgentClassLoader : /Users/liguobin/Projects/skywalking-scala/scenarios/skywalking-agent/plugins/apm-cats-effect-v3x-plugin-0.1.9-SNAPSHOT.jar loaded. 
INFO 2023-12-30 20:56:33.650 main AgentClassLoader : /Users/liguobin/Projects/skywalking-scala/scenarios/skywalking-agent/plugins/apm-cats-effect-v3x-plugin-0.1.9-SNAPSHOT.jar loaded. 
INFO 2023-12-30 20:56:33.651 main AgentClassLoader : /Users/liguobin/Projects/skywalking-scala/scenarios/skywalking-agent/plugins/apm-ziogrpc-v06rcx-plugin-0.1.9-SNAPSHOT.jar loaded. 
INFO 2023-12-30 20:56:33.651 main AgentClassLoader : /Users/liguobin/Projects/skywalking-scala/scenarios/skywalking-agent/plugins/apm-ziogrpc-v06rcx-plugin-0.1.9-SNAPSHOT.jar loaded. 
INFO 2023-12-30 20:56:33.652 main AgentClassLoader : /Users/liguobin/Projects/skywalking-scala/scenarios/skywalking-agent/activations/apm-toolkit-log4j-1.x-activation-8.16.0.jar loaded. 
INFO 2023-12-30 20:56:33.652 main AgentClassLoader : /Users/liguobin/Projects/skywalking-scala/scenarios/skywalking-agent/activations/apm-toolkit-log4j-1.x-activation-8.16.0.jar loaded. 
INFO 2023-12-30 20:56:33.653 main AgentClassLoader : /Users/liguobin/Projects/skywalking-scala/scenarios/skywalking-agent/activations/apm-toolkit-meter-activation-8.16.0.jar loaded. INFO 2023-12-30 20:56:33.653 main AgentClassLoader : /Users/liguobin/Projects/skywalking-scala/scenarios/skywalking-agent/activations/apm-toolkit-meter-activation-8.16.0.jar loaded. 

INFO 2023-12-30 20:56:33.654 main AgentClassLoader : /Users/liguobin/Projects/skywalking-scala/scenarios/skywalking-agent/activations/apm-toolkit-log4j-2.x-activation-8.16.0.jar loaded. INFO 2023-12-30 20:56:33.654 main AgentClassLoader : /Users/liguobin/Projects/skywalking-scala/scenarios/skywalking-agent/activations/apm-toolkit-log4j-2.x-activation-8.16.0.jar loaded. 

INFO 2023-12-30 20:56:33.655 main AgentClassLoader : /Users/liguobin/Projects/skywalking-scala/scenarios/skywalking-agent/activations/apm-toolkit-logback-1.x-activation-8.16.0.jar loaded. 
INFO 2023-12-30 20:56:33.655 main AgentClassLoader : /Users/liguobin/Projects/skywalking-scala/scenarios/skywalking-agent/activations/apm-toolkit-logback-1.x-activation-8.16.0.jar loaded. 
INFO 2023-12-30 20:56:33.656 main AgentClassLoader : /Users/liguobin/Projects/skywalking-scala/scenarios/skywalking-agent/activations/apm-toolkit-opentracing-activation-8.16.0.jar loaded. INFO 2023-12-30 20:56:33.656 main AgentClassLoader : /Users/liguobin/Projects/skywalking-scala/scenarios/skywalking-agent/activations/apm-toolkit-opentracing-activation-8.16.0.jar loaded. 

INFO 2023-12-30 20:56:33.657 main AgentClassLoader : /Users/liguobin/Projects/skywalking-scala/scenarios/skywalking-agent/activations/apm-toolkit-webflux-activation-8.16.0.jar loaded. INFO 2023-12-30 20:56:33.657 main AgentClassLoader : /Users/liguobin/Projects/skywalking-scala/scenarios/skywalking-agent/activations/apm-toolkit-webflux-activation-8.16.0.jar loaded. 

INFO 2023-12-30 20:56:33.658 main AgentClassLoader : /Users/liguobin/Projects/skywalking-scala/scenarios/skywalking-agent/activations/apm-toolkit-trace-activation-8.16.0.jar loaded. INFO 2023-12-30 20:56:33.658 main AgentClassLoader : /Users/liguobin/Projects/skywalking-scala/scenarios/skywalking-agent/activations/apm-toolkit-trace-activation-8.16.0.jar loaded. 

INFO 2023-12-30 20:56:33.659 main AgentClassLoader : /Users/liguobin/Projects/skywalking-scala/scenarios/skywalking-agent/activations/apm-toolkit-micrometer-activation-8.16.0.jar loaded. 
INFO 2023-12-30 20:56:33.659 main AgentClassLoader : /Users/liguobin/Projects/skywalking-scala/scenarios/skywalking-agent/activations/apm-toolkit-micrometer-activation-8.16.0.jar loaded. 
INFO 2023-12-30 20:56:33.660 main AgentClassLoader : /Users/liguobin/Projects/skywalking-scala/scenarios/skywalking-agent/activations/apm-toolkit-logging-common-8.16.0.jar loaded. 
INFO 2023-12-30 20:56:33.660 main AgentClassLoader : /Users/liguobin/Projects/skywalking-scala/scenarios/skywalking-agent/activations/apm-toolkit-logging-common-8.16.0.jar loaded. 
INFO 2023-12-30 20:56:33.661 main AgentClassLoader : /Users/liguobin/Projects/skywalking-scala/scenarios/skywalking-agent/activations/apm-toolkit-kafka-activation-8.16.0.jar loaded. 
INFO 2023-12-30 20:56:33.661 main AgentClassLoader : /Users/liguobin/Projects/skywalking-scala/scenarios/skywalking-agent/activations/apm-toolkit-kafka-activation-8.16.0.jar loaded. 
INFO 2023-12-30 20:56:33.662 main PluginResourcesResolver : find skywalking plugin define in jar:file:/Users/liguobin/Projects/skywalking-scala/scenarios/skywalking-agent/plugins/apm-caliban-v2x-plugin-0.1.9-SNAPSHOT.jar!/skywalking-plugin.def 
INFO 2023-12-30 20:56:33.662 main PluginResourcesResolver : find skywalking plugin define in jar:file:/Users/liguobin/Projects/skywalking-scala/scenarios/skywalking-agent/plugins/apm-caliban-v2x-plugin-0.1.9-SNAPSHOT.jar!/skywalking-plugin.def 
INFO 2023-12-30 20:56:33.662 main PluginResourcesResolver : find skywalking plugin define in jar:file:/Users/liguobin/Projects/skywalking-scala/scenarios/skywalking-agent/plugins/apm-executors-plugin-0.1.9-SNAPSHOT.jar!/skywalking-plugin.def 
INFO 2023-12-30 20:56:33.662 main PluginResourcesResolver : find skywalking plugin define in jar:file:/Users/liguobin/Projects/skywalking-scala/scenarios/skywalking-agent/plugins/apm-executors-plugin-0.1.9-SNAPSHOT.jar!/skywalking-plugin.def 
INFO 2023-12-30 20:56:33.662 main PluginResourcesResolver : find skywalking plugin define in jar:file:/Users/liguobin/Projects/skywalking-scala/scenarios/skywalking-agent/plugins/apm-zio-v2x-plugin-0.1.9-SNAPSHOT.jar!/skywalking-plugin.def 
INFO 2023-12-30 20:56:33.662 main PluginResourcesResolver : find skywalking plugin define in jar:file:/Users/liguobin/Projects/skywalking-scala/scenarios/skywalking-agent/plugins/apm-zio-v2x-plugin-0.1.9-SNAPSHOT.jar!/skywalking-plugin.def 
INFO 2023-12-30 20:56:33.663 main PluginResourcesResolver : find skywalking plugin define in jar:file:/Users/liguobin/Projects/skywalking-scala/scenarios/skywalking-agent/plugins/apm-ziohttp-v2x-plugin-0.1.9-SNAPSHOT.jar!/skywalking-plugin.def 
INFO 2023-12-30 20:56:33.663 main PluginResourcesResolver : find skywalking plugin define in jar:file:/Users/liguobin/Projects/skywalking-scala/scenarios/skywalking-agent/plugins/apm-ziohttp-v2x-plugin-0.1.9-SNAPSHOT.jar!/skywalking-plugin.def 
INFO 2023-12-30 20:56:33.663 main PluginResourcesResolver : find skywalking plugin define in jar:file:/Users/liguobin/Projects/skywalking-scala/scenarios/skywalking-agent/plugins/apm-cats-effect-v3x-plugin-0.1.9-SNAPSHOT.jar!/skywalking-plugin.def 
INFO 2023-12-30 20:56:33.663 main PluginResourcesResolver : find skywalking plugin define in jar:file:/Users/liguobin/Projects/skywalking-scala/scenarios/skywalking-agent/plugins/apm-cats-effect-v3x-plugin-0.1.9-SNAPSHOT.jar!/skywalking-plugin.def 
INFO 2023-12-30 20:56:33.663 main PluginResourcesResolver : find skywalking plugin define in jar:file:/Users/liguobin/Projects/skywalking-scala/scenarios/skywalking-agent/plugins/apm-ziogrpc-v06rcx-plugin-0.1.9-SNAPSHOT.jar!/skywalking-plugin.def 
INFO 2023-12-30 20:56:33.663 main PluginResourcesResolver : find skywalking plugin define in jar:file:/Users/liguobin/Projects/skywalking-scala/scenarios/skywalking-agent/plugins/apm-ziogrpc-v06rcx-plugin-0.1.9-SNAPSHOT.jar!/skywalking-plugin.def 
INFO 2023-12-30 20:56:33.663 main PluginResourcesResolver : find skywalking plugin define in jar:file:/Users/liguobin/Projects/skywalking-scala/scenarios/skywalking-agent/activations/apm-toolkit-log4j-1.x-activation-8.16.0.jar!/skywalking-plugin.def 
INFO 2023-12-30 20:56:33.663 main PluginResourcesResolver : find skywalking plugin define in jar:file:/Users/liguobin/Projects/skywalking-scala/scenarios/skywalking-agent/activations/apm-toolkit-log4j-1.x-activation-8.16.0.jar!/skywalking-plugin.def 
INFO 2023-12-30 20:56:33.663 main PluginResourcesResolver : find skywalking plugin define in jar:file:/Users/liguobin/Projects/skywalking-scala/scenarios/skywalking-agent/activations/apm-toolkit-meter-activation-8.16.0.jar!/skywalking-plugin.def 
INFO 2023-12-30 20:56:33.663 main PluginResourcesResolver : find skywalking plugin define in jar:file:/Users/liguobin/Projects/skywalking-scala/scenarios/skywalking-agent/activations/apm-toolkit-meter-activation-8.16.0.jar!/skywalking-plugin.def 
INFO 2023-12-30 20:56:33.663 main PluginResourcesResolver : find skywalking plugin define in jar:file:/Users/liguobin/Projects/skywalking-scala/scenarios/skywalking-agent/activations/apm-toolkit-log4j-2.x-activation-8.16.0.jar!/skywalking-plugin.def 
INFO 2023-12-30 20:56:33.663 main PluginResourcesResolver : find skywalking plugin define in jar:file:/Users/liguobin/Projects/skywalking-scala/scenarios/skywalking-agent/activations/apm-toolkit-log4j-2.x-activation-8.16.0.jar!/skywalking-plugin.def 
INFO 2023-12-30 20:56:33.663 main PluginResourcesResolver : find skywalking plugin define in jar:file:/Users/liguobin/Projects/skywalking-scala/scenarios/skywalking-agent/activations/apm-toolkit-logback-1.x-activation-8.16.0.jar!/skywalking-plugin.def 
INFO 2023-12-30 20:56:33.663 main PluginResourcesResolver : find skywalking plugin define in jar:file:/Users/liguobin/Projects/skywalking-scala/scenarios/skywalking-agent/activations/apm-toolkit-logback-1.x-activation-8.16.0.jar!/skywalking-plugin.def 
INFO 2023-12-30 20:56:33.663 main PluginResourcesResolver : find skywalking plugin define in jar:file:/Users/liguobin/Projects/skywalking-scala/scenarios/skywalking-agent/activations/apm-toolkit-opentracing-activation-8.16.0.jar!/skywalking-plugin.def 
INFO 2023-12-30 20:56:33.664 main PluginResourcesResolver : find skywalking plugin define in jar:file:/Users/liguobin/Projects/skywalking-scala/scenarios/skywalking-agent/activations/apm-toolkit-opentracing-activation-8.16.0.jar!/skywalking-plugin.def 
INFO 2023-12-30 20:56:33.664 main PluginResourcesResolver : find skywalking plugin define in jar:file:/Users/liguobin/Projects/skywalking-scala/scenarios/skywalking-agent/activations/apm-toolkit-webflux-activation-8.16.0.jar!/skywalking-plugin.def 
INFO 2023-12-30 20:56:33.664 main PluginResourcesResolver : find skywalking plugin define in jar:file:/Users/liguobin/Projects/skywalking-scala/scenarios/skywalking-agent/activations/apm-toolkit-webflux-activation-8.16.0.jar!/skywalking-plugin.def 
INFO 2023-12-30 20:56:33.664 main PluginResourcesResolver : find skywalking plugin define in jar:file:/Users/liguobin/Projects/skywalking-scala/scenarios/skywalking-agent/activations/apm-toolkit-trace-activation-8.16.0.jar!/skywalking-plugin.def 
INFO 2023-12-30 20:56:33.664 main PluginResourcesResolver : find skywalking plugin define in jar:file:/Users/liguobin/Projects/skywalking-scala/scenarios/skywalking-agent/activations/apm-toolkit-trace-activation-8.16.0.jar!/skywalking-plugin.def 
INFO 2023-12-30 20:56:33.664 main PluginResourcesResolver : find skywalking plugin define in jar:file:/Users/liguobin/Projects/skywalking-scala/scenarios/skywalking-agent/activations/apm-toolkit-micrometer-activation-8.16.0.jar!/skywalking-plugin.def 
INFO 2023-12-30 20:56:33.664 main PluginResourcesResolver : find skywalking plugin define in jar:file:/Users/liguobin/Projects/skywalking-scala/scenarios/skywalking-agent/activations/apm-toolkit-micrometer-activation-8.16.0.jar!/skywalking-plugin.def 
INFO 2023-12-30 20:56:33.664 main PluginResourcesResolver : find skywalking plugin define in jar:file:/Users/liguobin/Projects/skywalking-scala/scenarios/skywalking-agent/activations/apm-toolkit-kafka-activation-8.16.0.jar!/skywalking-plugin.def 
INFO 2023-12-30 20:56:33.664 main PluginResourcesResolver : find skywalking plugin define in jar:file:/Users/liguobin/Projects/skywalking-scala/scenarios/skywalking-agent/activations/apm-toolkit-kafka-activation-8.16.0.jar!/skywalking-plugin.def 
Got request: HelloRequest(World,UnknownFieldSet(Map()))
Hello, World
Got request: HelloRequest(World,UnknownFieldSet(Map()))
Hello, World
Got request: HelloRequest(World,UnknownFieldSet(Map()))
Hello, World
